
Translating:: @storybook/addon-knobs (translator: npm) (lock path: /home/runner/work/dream2nix-auto-test/dream2nix-auto-test/pkgs-nodejs/locks/@storybook/addon-knobs-6.4.0/dream-lock.json)
/tmp/tmp.axvGzcbAQk/tmp.g8W9u7GYtF/tmp.doVBAx4btM ~/work/dream2nix-auto-test/dream2nix-auto-test/pkgs-nodejs/locks
npm ERR! code ERESOLVE
npm ERR! ERESOLVE unable to resolve dependency tree
npm ERR! 
npm ERR! While resolving: undefined@undefined
npm ERR! Found: react@18.2.0
npm ERR! node_modules/react
npm ERR!   peer react@"^16.8.0 || ^17.0.0 || ^18.0.0" from @storybook/addons@6.5.13
npm ERR!   node_modules/@storybook/addons
npm ERR!     peer @storybook/addons@"^6.4.0" from @storybook/addon-knobs@6.4.0
npm ERR!     node_modules/@storybook/addon-knobs
npm ERR!       @storybook/addon-knobs@"6.4.0" from the root project
npm ERR!   peer react@"^18.2.0" from react-dom@18.2.0
npm ERR!   node_modules/react-dom
npm ERR!     peer react-dom@"^16.8.0 || ^17.0.0 || ^18.0.0" from @storybook/addons@6.5.13
npm ERR!     node_modules/@storybook/addons
npm ERR!       peer @storybook/addons@"^6.4.0" from @storybook/addon-knobs@6.4.0
npm ERR!       node_modules/@storybook/addon-knobs
npm ERR!         @storybook/addon-knobs@"6.4.0" from the root project
npm ERR!     peer react-dom@"^16.8.0 || ^17.0.0 || ^18.0.0" from @storybook/api@6.5.13
npm ERR!     node_modules/@storybook/api
npm ERR!       peer @storybook/api@"^6.4.0" from @storybook/addon-knobs@6.4.0
npm ERR!       node_modules/@storybook/addon-knobs
npm ERR!         @storybook/addon-knobs@"6.4.0" from the root project
npm ERR!       1 more (@storybook/addons)
npm ERR!     2 more (@storybook/components, @storybook/theming)
npm ERR!   3 more (@storybook/api, @storybook/components, @storybook/theming)
npm ERR! 
npm ERR! Could not resolve dependency:
npm ERR! peerOptional react@"^16.8.0 || ^17.0.0" from @storybook/addon-knobs@6.4.0
npm ERR! node_modules/@storybook/addon-knobs
npm ERR!   @storybook/addon-knobs@"6.4.0" from the root project
npm ERR! 
npm ERR! Fix the upstream dependency conflict, or retry
npm ERR! this command with --force, or --legacy-peer-deps
npm ERR! to accept an incorrect (and potentially broken) dependency resolution.
npm ERR! 
npm ERR! See /home/runner/.npm/eresolve-report.txt for a full report.

npm ERR! A complete log of this run can be found in:
npm ERR!     /home/runner/.npm/_logs/2022-10-26T06_27_04_465Z-debug-0.log
